2023-01-03T18:16:00: Implement distributed training support
2023-01-03T09:33:00: Update neural network architecture
2023-01-04T14:27:00: Update requirements.txt with latest dependencies
2023-01-04T18:24:00: Update neural network architecture
2023-01-04T12:19:00: Update neural network architecture
2023-01-04T17:19:00: Implement distributed training support
2023-01-04T17:40:00: Experiment with new hyperparameters
2023-01-04T12:54:00: Update requirements.txt with latest dependencies
2023-01-04T13:28:00: Implement distributed training support
2023-01-04T11:10:00: Update documentation for ML toolkit
2023-01-05T14:22:00: Add support for new NLP transformer models
2023-01-05T12:05:00: Update requirements.txt with latest dependencies
2023-01-06T11:50:00: Add unit tests for core logic
2023-01-06T15:39:00: Research new optimization techniques
2023-01-06T12:03:00: Research new optimization techniques
2023-01-09T11:00:00: Clean up codebase and remove deprecated functions
2023-01-09T14:33:00: Optimize data preprocessing pipeline
2023-01-09T13:21:00: Refactor model evaluation scripts
2023-01-09T17:12:00: Implement distributed training support
2023-01-10T13:32:00: Fix bug in computer vision edge detection
2023-01-10T18:49:00: Fix bug in computer vision edge detection
2023-01-10T15:08:00: Refactor model evaluation scripts
2023-01-10T17:00:00: Research new optimization techniques
2023-01-10T17:18:00: Fix bug in computer vision edge detection
2023-01-10T09:09:00: Optimize data preprocessing pipeline
2023-01-10T17:14:00: Add unit tests for core logic
2023-01-13T18:28:00: Update neural network architecture
2023-01-13T10:28:00: Update requirements.txt with latest dependencies
2023-01-17T18:38:00: Update documentation for ML toolkit
2023-01-17T18:16:00: Optimize data preprocessing pipeline
2023-01-17T14:14:00: Add support for new NLP transformer models
2023-01-17T14:36:00: Add support for new NLP transformer models
2023-01-18T17:08:00: Experiment with new hyperparameters
2023-01-18T17:18:00: Update documentation for ML toolkit
2023-01-18T12:49:00: Refactor model evaluation scripts
2023-01-18T14:29:00: Update requirements.txt with latest dependencies
2023-01-19T10:50:00: Optimize data preprocessing pipeline
2023-01-20T12:50:00: Research new optimization techniques
2023-01-23T15:41:00: Experiment with new hyperparameters
2023-01-23T09:21:00: Integrate with cloud storage for model checkpoints
2023-01-23T18:16:00: Clean up codebase and remove deprecated functions
2023-01-23T11:50:00: Refactor model evaluation scripts
2023-01-23T17:36:00: Clean up codebase and remove deprecated functions
2023-01-27T15:44:00: Clean up codebase and remove deprecated functions
